# Logfile created on Mon Feb 04 15:49:35 +0530 2013/!\ FAILSAFE /!\  Mon Feb 04 15:49:42 +0530 2013
  Status: 500 Internal Server Error
  The driver encountered an error: java.sql.SQLException: Access denied for user 'root'@'localhost' (using password: NO)
    /home/ashok/.netbeans/6.9/jruby-1.5.1/lib/ruby/gems/1.8/gems/activerecord-jdbc-adapter-0.9.6-java/lib/active_record/connection_adapters/jdbc_adapter.rb:342:in `initialize'
    /home/ashok/.netbeans/6.9/jruby-1.5.1/lib/ruby/gems/1.8/gems/activerecord-jdbc-adapter-0.9.6-java/lib/active_record/connection_adapters/jdbc_adapter.rb:474:in `new'
    /home/ashok/.netbeans/6.9/jruby-1.5.1/lib/ruby/gems/1.8/gems/activerecord-jdbc-adapter-0.9.6-java/lib/active_record/connection_adapters/jdbc_adapter.rb:474:in `initialize'
    /home/ashok/.netbeans/6.9/jruby-1.5.1/lib/ruby/gems/1.8/gems/activerecord-jdbc-adapter-0.9.6-java/lib/active_record/connection_adapters/jdbc_adapter.rb:49:in `new'
    /home/ashok/.netbeans/6.9/jruby-1.5.1/lib/ruby/gems/1.8/gems/activerecord-jdbc-adapter-0.9.6-java/lib/active_record/connection_adapters/jdbc_adapter.rb:49:in `jdbc_connection'
    /home/ashok/.netbeans/6.9/jruby-1.5.1/lib/ruby/gems/1.8/gems/activerecord-jdbc-adapter-0.9.6-java/lib/jdbc_adapter/jdbc_mysql.rb:21:in `mysql_connection'
    /home/ashok/.netbeans/6.9/jruby-1.5.1/lib/ruby/gems/1.8/gems/activerecord-2.3.8/lib/active_record/connection_adapters/abstract/connection_pool.rb:223:in `new_connection'
    /home/ashok/.netbeans/6.9/jruby-1.5.1/lib/ruby/gems/1.8/gems/activerecord-2.3.8/lib/active_record/connection_adapters/abstract/connection_pool.rb:245:in `checkout_new_connection'
    /home/ashok/.netbeans/6.9/jruby-1.5.1/lib/ruby/gems/1.8/gems/activerecord-2.3.8/lib/active_record/connection_adapters/abstract/connection_pool.rb:188:in `checkout'
    /home/ashok/.netbeans/6.9/jruby-1.5.1/lib/ruby/gems/1.8/gems/activerecord-2.3.8/lib/active_record/connection_adapters/abstract/connection_pool.rb:184:in `loop'
    /home/ashok/.netbeans/6.9/jruby-1.5.1/lib/ruby/gems/1.8/gems/activerecord-2.3.8/lib/active_record/connection_adapters/abstract/connection_pool.rb:184:in `checkout'
    /home/ashok/.netbeans/6.9/jruby-1.5.1/lib/ruby/1.8/monitor.rb:191:in `mon_synchronize'
    /home/ashok/.netbeans/6.9/jruby-1.5.1/lib/ruby/gems/1.8/gems/activerecord-2.3.8/lib/active_record/connection_adapters/abstract/connection_pool.rb:183:in `checkout'
    /home/ashok/.netbeans/6.9/jruby-1.5.1/lib/ruby/gems/1.8/gems/activerecord-2.3.8/lib/active_record/connection_adapters/abstract/connection_pool.rb:98:in `connection'
    /home/ashok/.netbeans/6.9/jruby-1.5.1/lib/ruby/gems/1.8/gems/activerecord-2.3.8/lib/active_record/connection_adapters/abstract/connection_pool.rb:326:in `retrieve_connection'
    /home/ashok/.netbeans/6.9/jruby-1.5.1/lib/ruby/gems/1.8/gems/activerecord-2.3.8/lib/active_record/connection_adapters/abstract/connection_specification.rb:123:in `retrieve_connection'
    /home/ashok/.netbeans/6.9/jruby-1.5.1/lib/ruby/gems/1.8/gems/activerecord-2.3.8/lib/active_record/connection_adapters/abstract/connection_specification.rb:115:in `connection'
    /home/ashok/.netbeans/6.9/jruby-1.5.1/lib/ruby/gems/1.8/gems/activerecord-2.3.8/lib/active_record/query_cache.rb:9:in `cache'
    /home/ashok/.netbeans/6.9/jruby-1.5.1/lib/ruby/gems/1.8/gems/activerecord-2.3.8/lib/active_record/query_cache.rb:28:in `call'
    /home/ashok/.netbeans/6.9/jruby-1.5.1/lib/ruby/gems/1.8/gems/activerecord-2.3.8/lib/active_record/connection_adapters/abstract/connection_pool.rb:361:in `call'
    /home/ashok/.netbeans/6.9/jruby-1.5.1/lib/ruby/gems/1.8/gems/actionpack-2.3.8/lib/action_controller/failsafe.rb:26:in `call'
    /home/ashok/.netbeans/6.9/jruby-1.5.1/lib/ruby/gems/1.8/gems/rack-1.1.0/lib/rack/lock.rb:11:in `call'
    /home/ashok/.netbeans/6.9/jruby-1.5.1/lib/ruby/gems/1.8/gems/actionpack-2.3.8/lib/action_controller/dispatcher.rb:114:in `call'
    /home/ashok/.netbeans/6.9/jruby-1.5.1/lib/ruby/gems/1.8/gems/actionpack-2.3.8/lib/action_controller/reloader.rb:34:in `run'
    /home/ashok/.netbeans/6.9/jruby-1.5.1/lib/ruby/gems/1.8/gems/actionpack-2.3.8/lib/action_controller/dispatcher.rb:108:in `call'
    /home/ashok/.netbeans/6.9/jruby-1.5.1/lib/ruby/gems/1.8/gems/rails-2.3.8/lib/rails/rack/static.rb:31:in `call'
    /home/ashok/.netbeans/6.9/jruby-1.5.1/lib/ruby/gems/1.8/gems/rack-1.1.0/lib/rack/urlmap.rb:49:in `call'
    /home/ashok/.netbeans/6.9/jruby-1.5.1/lib/ruby/gems/1.8/gems/rack-1.1.0/lib/rack/urlmap.rb:41:in `each'
    /home/ashok/.netbeans/6.9/jruby-1.5.1/lib/ruby/gems/1.8/gems/rack-1.1.0/lib/rack/urlmap.rb:41:in `call'
    /home/ashok/.netbeans/6.9/jruby-1.5.1/lib/ruby/gems/1.8/gems/rails-2.3.8/lib/rails/rack/log_tailer.rb:17:in `call'
    /home/ashok/.netbeans/6.9/jruby-1.5.1/lib/ruby/gems/1.8/gems/rack-1.1.0/lib/rack/content_length.rb:13:in `call'
    /home/ashok/.netbeans/6.9/jruby-1.5.1/lib/ruby/gems/1.8/gems/rack-1.1.0/lib/rack/handler/webrick.rb:48:in `service'
    /home/ashok/.netbeans/6.9/jruby-1.5.1/lib/ruby/1.8/webrick/httpserver.rb:104:in `service'
    /home/ashok/.netbeans/6.9/jruby-1.5.1/lib/ruby/1.8/webrick/httpserver.rb:65:in `run'
    /home/ashok/.netbeans/6.9/jruby-1.5.1/lib/ruby/1.8/webrick/server.rb:173:in `start_thread'
    /home/ashok/.netbeans/6.9/jruby-1.5.1/lib/ruby/1.8/webrick/server.rb:162:in `start'
    /home/ashok/.netbeans/6.9/jruby-1.5.1/lib/ruby/1.8/webrick/server.rb:162:in `start_thread'
    /home/ashok/.netbeans/6.9/jruby-1.5.1/lib/ruby/1.8/webrick/server.rb:95:in `start'
    /home/ashok/.netbeans/6.9/jruby-1.5.1/lib/ruby/1.8/webrick/server.rb:92:in `each'
    /home/ashok/.netbeans/6.9/jruby-1.5.1/lib/ruby/1.8/webrick/server.rb:92:in `start'
    /home/ashok/.netbeans/6.9/jruby-1.5.1/lib/ruby/1.8/webrick/server.rb:23:in `start'
    /home/ashok/.netbeans/6.9/jruby-1.5.1/lib/ruby/1.8/webrick/server.rb:82:in `start'
    /home/ashok/.netbeans/6.9/jruby-1.5.1/lib/ruby/gems/1.8/gems/rack-1.1.0/lib/rack/handler/webrick.rb:14:in `run'
    /home/ashok/.netbeans/6.9/jruby-1.5.1/lib/ruby/gems/1.8/gems/rails-2.3.8/lib/commands/server.rb:111
    /home/ashok/.netbeans/6.9/jruby-1.5.1/lib/ruby/gems/1.8/gems/rails-2.3.8/lib/commands/server.rb:31:in `require'
    /home/ashok/.netbeans/6.9/jruby-1.5.1/lib/ruby/site_ruby/1.8/rubygems/custom_require.rb:31:in `require'
    script/server:3
